<?xml version="1.0" encoding="UTF-8"?>
<testng-results skipped="19" failed="0" total="19" passed="0">
  <reporter-output>
    <line>
      <![CDATA[Extent Report directory: C:\Users\Ali\IdeaProjects\Team_3_Mobile_Automation_Framework_Project\GoogleMap\target\surefire-reports\html]]>
    </line>
  </reporter-output>
  <suite name="Test suite on Android Phone" duration-ms="1183" started-at="2018-01-25T00:29:33Z" finished-at="2018-01-25T00:29:34Z">
    <groups>
    </groups>
    <test name="Home page" duration-ms="1183" started-at="2018-01-25T00:29:33Z" finished-at="2018-01-25T00:29:34Z">
      <class name="testCases.testHomePage">
        <test-method status="PASS" signature="extentSetup(org.testng.ITestContext)[pri:0, instance:testCases.testHomePage@3c0f93f1]" name="extentSetup" is-config="true" duration-ms="332" started-at="2018-01-24T19:29:32Z" finished-at="2018-01-24T19:29:33Z">
          <params>
            <param index="0">
              <value>
                <![CDATA[org.testng.TestRunner@4d0d9fe7]]>
              </value>
            </param>
          </params>
          <reporter-output>
            <line>
              <![CDATA[Extent Report directory: C:\Users\Ali\IdeaProjects\Team_3_Mobile_Automation_Framework_Project\GoogleMap\target\surefire-reports\html]]>
            </line>
          </reporter-output>
        </test-method> <!-- extentSetup -->
        <test-method status="FAIL" signature="setUp(java.lang.String, java.lang.String, java.lang.String, java.lang.String, java.lang.String, java.lang.String, java.lang.String)[pri:0, instance:testCases.testHomePage@3c0f93f1]" name="setUp" is-config="true" duration-ms="0" started-at="2018-01-24T19:29:33Z" finished-at="2018-01-24T19:29:33Z">
          <params>
            <param index="0">
              <value>
                <![CDATA[Android]]>
              </value>
            </param>
            <param index="1">
              <value>
                <![CDATA[Phone]]>
              </value>
            </param>
            <param index="2">
              <value>
                <![CDATA[Emulator]]>
              </value>
            </param>
            <param index="3">
              <value>
                <![CDATA[Nexus]]>
              </value>
            </param>
            <param index="4">
              <value>
                <![CDATA[5.0]]>
              </value>
            </param>
            <param index="5">
              <value>
                <![CDATA[GoogleMap]]>
              </value>
            </param>
            <param index="6">
              <value>
                <![CDATA[gmap.apk]]>
              </value>
            </param>
          </params>
          <exception class="org.openqa.selenium.WebDriverException">
            <message>
              <![CDATA[An unknown server-side error occurred while processing the command. Original error: Could not find adb Please set the ANDROID_HOME environment variable with the Android SDK root directory path. (WARNING: The server did not provide any stacktrace information)
Command duration or timeout: 462 milliseconds
Build info: version: '2.43.1', revision: '5163bceef1bc36d43f3dc0b83c88998168a363a0', time: '2014-09-10 09:43:55'
System info: host: 'Alistair', ip: '192.168.74.1', os.name: 'Windows 8.1', os.arch: 'amd64', os.version: '6.3', java.version: '1.8.0_144'
Driver info: io.appium.java_client.android.AndroidDriver]]>
            </message>
            <full-stacktrace>
              <![CDATA[org.openqa.selenium.WebDriverException: An unknown server-side error occurred while processing the command. Original error: Could not find adb Please set the ANDROID_HOME environment variable with the Android SDK root directory path. (WARNING: The server did not provide any stacktrace information)
Command duration or timeout: 462 milliseconds
Build info: version: '2.43.1', revision: '5163bceef1bc36d43f3dc0b83c88998168a363a0', time: '2014-09-10 09:43:55'
System info: host: 'Alistair', ip: '192.168.74.1', os.name: 'Windows 8.1', os.arch: 'amd64', os.version: '6.3', java.version: '1.8.0_144'
Driver info: io.appium.java_client.android.AndroidDriver
	at sun.reflect.NativeConstructorAccessorImpl.newInstance0(Native Method)
	at sun.reflect.NativeConstructorAccessorImpl.newInstance(NativeConstructorAccessorImpl.java:62)
	at sun.reflect.DelegatingConstructorAccessorImpl.newInstance(DelegatingConstructorAccessorImpl.java:45)
	at java.lang.reflect.Constructor.newInstance(Constructor.java:423)
	at org.openqa.selenium.remote.ErrorHandler.createThrowable(ErrorHandler.java:204)
	at org.openqa.selenium.remote.ErrorHandler.throwIfResponseFailed(ErrorHandler.java:156)
	at org.openqa.selenium.remote.RemoteWebDriver.execute(RemoteWebDriver.java:599)
	at io.appium.java_client.AppiumDriver.execute(AppiumDriver.java:180)
	at org.openqa.selenium.remote.RemoteWebDriver.startSession(RemoteWebDriver.java:240)
	at org.openqa.selenium.remote.RemoteWebDriver.<init>(RemoteWebDriver.java:126)
	at org.openqa.selenium.remote.RemoteWebDriver.<init>(RemoteWebDriver.java:153)
	at io.appium.java_client.AppiumDriver.<init>(AppiumDriver.java:109)
	at io.appium.java_client.android.AndroidDriver.<init>(AndroidDriver.java:39)
	at base.MobileAPI.setUpAndroidEnv(MobileAPI.java:172)
	at base.MobileAPI.setUp(MobileAPI.java:141)
	at sun.reflect.NativeMethodAccessorImpl.invoke0(Native Method)
	at sun.reflect.NativeMethodAccessorImpl.invoke(NativeMethodAccessorImpl.java:62)
	at sun.reflect.DelegatingMethodAccessorImpl.invoke(DelegatingMethodAccessorImpl.java:43)
	at java.lang.reflect.Method.invoke(Method.java:498)
	at org.testng.internal.MethodInvocationHelper.invokeMethod(MethodInvocationHelper.java:86)
	at org.testng.internal.Invoker.invokeConfigurationMethod(Invoker.java:514)
	at org.testng.internal.Invoker.invokeConfigurations(Invoker.java:215)
	at org.testng.internal.Invoker.invokeMethod(Invoker.java:589)
	at org.testng.internal.Invoker.invokeTestMethod(Invoker.java:820)
	at org.testng.internal.Invoker.invokeTestMethods(Invoker.java:1128)
	at org.testng.internal.TestMethodWorker.invokeTestMethods(TestMethodWorker.java:129)
	at org.testng.internal.TestMethodWorker.run(TestMethodWorker.java:112)
	at org.testng.TestRunner.privateRun(TestRunner.java:782)
	at org.testng.TestRunner.run(TestRunner.java:632)
	at org.testng.SuiteRunner.runTest(SuiteRunner.java:366)
	at org.testng.SuiteRunner.runSequentially(SuiteRunner.java:361)
	at org.testng.SuiteRunner.privateRun(SuiteRunner.java:319)
	at org.testng.SuiteRunner.run(SuiteRunner.java:268)
	at org.testng.SuiteRunnerWorker.runSuite(SuiteRunnerWorker.java:52)
	at org.testng.SuiteRunnerWorker.run(SuiteRunnerWorker.java:86)
	at org.testng.TestNG.runSuitesSequentially(TestNG.java:1244)
	at org.testng.TestNG.runSuitesLocally(TestNG.java:1169)
	at org.testng.TestNG.run(TestNG.java:1064)
	at org.apache.maven.surefire.testng.TestNGExecutor.run(TestNGExecutor.java:283)
	at org.apache.maven.surefire.testng.TestNGXmlTestSuite.execute(TestNGXmlTestSuite.java:75)
	at org.apache.maven.surefire.testng.TestNGProvider.invoke(TestNGProvider.java:120)
	at org.apache.maven.surefire.booter.ForkedBooter.invokeProviderInSameClassLoader(ForkedBooter.java:373)
	at org.apache.maven.surefire.booter.ForkedBooter.runSuitesInProcess(ForkedBooter.java:334)
	at org.apache.maven.surefire.booter.ForkedBooter.execute(ForkedBooter.java:119)
	at org.apache.maven.surefire.booter.ForkedBooter.main(ForkedBooter.java:407)
]]>
            </full-stacktrace>
          </exception> <!-- org.openqa.selenium.WebDriverException -->
          <reporter-output>
          </reporter-output>
        </test-method> <!-- setUp -->
        <test-method status="SKIP" signature="startExtent(java.lang.reflect.Method)[pri:0, instance:testCases.testHomePage@3c0f93f1]" name="startExtent" is-config="true" duration-ms="0" started-at="2018-01-24T19:29:34Z" finished-at="2018-01-24T19:29:34Z">
          <reporter-output>
          </reporter-output>
        </test-method> <!-- startExtent -->
        <test-method status="SKIP" signature="initializationOfObjects()[pri:0, instance:testCases.testHomePage@3c0f93f1]" name="initializationOfObjects" is-config="true" duration-ms="0" started-at="2018-01-24T19:29:34Z" finished-at="2018-01-24T19:29:34Z">
          <reporter-output>
          </reporter-output>
        </test-method> <!-- initializationOfObjects -->
        <test-method status="SKIP" signature="testAddAMissingPlace()[pri:0, instance:testCases.testHomePage@3c0f93f1]" name="testAddAMissingPlace" duration-ms="1" started-at="2018-01-24T19:29:34Z" finished-at="2018-01-24T19:29:34Z">
          <reporter-output>
          </reporter-output>
        </test-method> <!-- testAddAMissingPlace -->
        <test-method status="SKIP" signature="afterEachTestMethod(org.testng.ITestResult)[pri:0, instance:testCases.testHomePage@3c0f93f1]" name="afterEachTestMethod" is-config="true" duration-ms="0" started-at="2018-01-24T19:29:34Z" finished-at="2018-01-24T19:29:34Z">
          <reporter-output>
          </reporter-output>
        </test-method> <!-- afterEachTestMethod -->
        <test-method status="SKIP" signature="testExplore()[pri:0, instance:testCases.testHomePage@3c0f93f1]" name="testExplore" duration-ms="0" started-at="2018-01-24T19:29:34Z" finished-at="2018-01-24T19:29:34Z">
          <reporter-output>
          </reporter-output>
        </test-method> <!-- testExplore -->
        <test-method status="SKIP" signature="initializationOfObjects()[pri:0, instance:testCases.testHomePage@3c0f93f1]" name="initializationOfObjects" is-config="true" duration-ms="0" started-at="2018-01-24T19:29:34Z" finished-at="2018-01-24T19:29:34Z">
          <reporter-output>
          </reporter-output>
        </test-method> <!-- initializationOfObjects -->
        <test-method status="SKIP" signature="setUp(java.lang.String, java.lang.String, java.lang.String, java.lang.String, java.lang.String, java.lang.String, java.lang.String)[pri:0, instance:testCases.testHomePage@3c0f93f1]" name="setUp" is-config="true" duration-ms="0" started-at="2018-01-24T19:29:34Z" finished-at="2018-01-24T19:29:34Z">
          <reporter-output>
          </reporter-output>
        </test-method> <!-- setUp -->
        <test-method status="SKIP" signature="startExtent(java.lang.reflect.Method)[pri:0, instance:testCases.testHomePage@3c0f93f1]" name="startExtent" is-config="true" duration-ms="0" started-at="2018-01-24T19:29:34Z" finished-at="2018-01-24T19:29:34Z">
          <reporter-output>
          </reporter-output>
        </test-method> <!-- startExtent -->
        <test-method status="SKIP" signature="setUp(java.lang.String, java.lang.String, java.lang.String, java.lang.String, java.lang.String, java.lang.String, java.lang.String)[pri:0, instance:testCases.testHomePage@3c0f93f1]" name="setUp" is-config="true" duration-ms="0" started-at="2018-01-24T19:29:34Z" finished-at="2018-01-24T19:29:34Z">
          <reporter-output>
          </reporter-output>
        </test-method> <!-- setUp -->
        <test-method status="SKIP" signature="afterEachTestMethod(org.testng.ITestResult)[pri:0, instance:testCases.testHomePage@3c0f93f1]" name="afterEachTestMethod" is-config="true" duration-ms="0" started-at="2018-01-24T19:29:34Z" finished-at="2018-01-24T19:29:34Z">
          <reporter-output>
          </reporter-output>
        </test-method> <!-- afterEachTestMethod -->
        <test-method status="SKIP" signature="initializationOfObjects()[pri:0, instance:testCases.testHomePage@3c0f93f1]" name="initializationOfObjects" is-config="true" duration-ms="0" started-at="2018-01-24T19:29:34Z" finished-at="2018-01-24T19:29:34Z">
          <reporter-output>
          </reporter-output>
        </test-method> <!-- initializationOfObjects -->
        <test-method status="SKIP" signature="startExtent(java.lang.reflect.Method)[pri:0, instance:testCases.testHomePage@3c0f93f1]" name="startExtent" is-config="true" duration-ms="0" started-at="2018-01-24T19:29:34Z" finished-at="2018-01-24T19:29:34Z">
          <reporter-output>
          </reporter-output>
        </test-method> <!-- startExtent -->
        <test-method status="SKIP" signature="testHelp()[pri:0, instance:testCases.testHomePage@3c0f93f1]" name="testHelp" duration-ms="0" started-at="2018-01-24T19:29:34Z" finished-at="2018-01-24T19:29:34Z">
          <reporter-output>
          </reporter-output>
        </test-method> <!-- testHelp -->
        <test-method status="SKIP" signature="afterEachTestMethod(org.testng.ITestResult)[pri:0, instance:testCases.testHomePage@3c0f93f1]" name="afterEachTestMethod" is-config="true" duration-ms="0" started-at="2018-01-24T19:29:34Z" finished-at="2018-01-24T19:29:34Z">
          <reporter-output>
          </reporter-output>
        </test-method> <!-- afterEachTestMethod -->
        <test-method status="SKIP" signature="setUp(java.lang.String, java.lang.String, java.lang.String, java.lang.String, java.lang.String, java.lang.String, java.lang.String)[pri:0, instance:testCases.testHomePage@3c0f93f1]" name="setUp" is-config="true" duration-ms="0" started-at="2018-01-24T19:29:34Z" finished-at="2018-01-24T19:29:34Z">
          <reporter-output>
          </reporter-output>
        </test-method> <!-- setUp -->
        <test-method status="SKIP" signature="startExtent(java.lang.reflect.Method)[pri:0, instance:testCases.testHomePage@3c0f93f1]" name="startExtent" is-config="true" duration-ms="0" started-at="2018-01-24T19:29:34Z" finished-at="2018-01-24T19:29:34Z">
          <reporter-output>
          </reporter-output>
        </test-method> <!-- startExtent -->
        <test-method status="SKIP" signature="afterEachTestMethod(org.testng.ITestResult)[pri:0, instance:testCases.testHomePage@3c0f93f1]" name="afterEachTestMethod" is-config="true" duration-ms="0" started-at="2018-01-24T19:29:34Z" finished-at="2018-01-24T19:29:34Z">
          <reporter-output>
          </reporter-output>
        </test-method> <!-- afterEachTestMethod -->
        <test-method status="SKIP" signature="initializationOfObjects()[pri:0, instance:testCases.testHomePage@3c0f93f1]" name="initializationOfObjects" is-config="true" duration-ms="0" started-at="2018-01-24T19:29:34Z" finished-at="2018-01-24T19:29:34Z">
          <reporter-output>
          </reporter-output>
        </test-method> <!-- initializationOfObjects -->
        <test-method status="SKIP" signature="testLocationSharing()[pri:0, instance:testCases.testHomePage@3c0f93f1]" name="testLocationSharing" duration-ms="0" started-at="2018-01-24T19:29:34Z" finished-at="2018-01-24T19:29:34Z">
          <reporter-output>
          </reporter-output>
        </test-method> <!-- testLocationSharing -->
        <test-method status="SKIP" signature="initializationOfObjects()[pri:0, instance:testCases.testHomePage@3c0f93f1]" name="initializationOfObjects" is-config="true" duration-ms="0" started-at="2018-01-24T19:29:34Z" finished-at="2018-01-24T19:29:34Z">
          <reporter-output>
          </reporter-output>
        </test-method> <!-- initializationOfObjects -->
        <test-method status="SKIP" signature="startExtent(java.lang.reflect.Method)[pri:0, instance:testCases.testHomePage@3c0f93f1]" name="startExtent" is-config="true" duration-ms="0" started-at="2018-01-24T19:29:34Z" finished-at="2018-01-24T19:29:34Z">
          <reporter-output>
          </reporter-output>
        </test-method> <!-- startExtent -->
        <test-method status="SKIP" signature="setUp(java.lang.String, java.lang.String, java.lang.String, java.lang.String, java.lang.String, java.lang.String, java.lang.String)[pri:0, instance:testCases.testHomePage@3c0f93f1]" name="setUp" is-config="true" duration-ms="0" started-at="2018-01-24T19:29:34Z" finished-at="2018-01-24T19:29:34Z">
          <reporter-output>
          </reporter-output>
        </test-method> <!-- setUp -->
        <test-method status="SKIP" signature="afterEachTestMethod(org.testng.ITestResult)[pri:0, instance:testCases.testHomePage@3c0f93f1]" name="afterEachTestMethod" is-config="true" duration-ms="0" started-at="2018-01-24T19:29:34Z" finished-at="2018-01-24T19:29:34Z">
          <reporter-output>
          </reporter-output>
        </test-method> <!-- afterEachTestMethod -->
        <test-method status="SKIP" signature="setUp(java.lang.String, java.lang.String, java.lang.String, java.lang.String, java.lang.String, java.lang.String, java.lang.String)[pri:0, instance:testCases.testHomePage@3c0f93f1]" name="setUp" is-config="true" duration-ms="0" started-at="2018-01-24T19:29:34Z" finished-at="2018-01-24T19:29:34Z">
          <reporter-output>
          </reporter-output>
        </test-method> <!-- setUp -->
        <test-method status="SKIP" signature="testMapTypeSatellite()[pri:0, instance:testCases.testHomePage@3c0f93f1]" name="testMapTypeSatellite" duration-ms="0" started-at="2018-01-24T19:29:34Z" finished-at="2018-01-24T19:29:34Z">
          <reporter-output>
          </reporter-output>
        </test-method> <!-- testMapTypeSatellite -->
        <test-method status="SKIP" signature="startExtent(java.lang.reflect.Method)[pri:0, instance:testCases.testHomePage@3c0f93f1]" name="startExtent" is-config="true" duration-ms="0" started-at="2018-01-24T19:29:34Z" finished-at="2018-01-24T19:29:34Z">
          <reporter-output>
          </reporter-output>
        </test-method> <!-- startExtent -->
        <test-method status="SKIP" signature="initializationOfObjects()[pri:0, instance:testCases.testHomePage@3c0f93f1]" name="initializationOfObjects" is-config="true" duration-ms="0" started-at="2018-01-24T19:29:34Z" finished-at="2018-01-24T19:29:34Z">
          <reporter-output>
          </reporter-output>
        </test-method> <!-- initializationOfObjects -->
        <test-method status="SKIP" signature="afterEachTestMethod(org.testng.ITestResult)[pri:0, instance:testCases.testHomePage@3c0f93f1]" name="afterEachTestMethod" is-config="true" duration-ms="2" started-at="2018-01-24T19:29:34Z" finished-at="2018-01-24T19:29:34Z">
          <reporter-output>
          </reporter-output>
        </test-method> <!-- afterEachTestMethod -->
        <test-method status="SKIP" signature="testMapTypeTerrain()[pri:0, instance:testCases.testHomePage@3c0f93f1]" name="testMapTypeTerrain" duration-ms="0" started-at="2018-01-24T19:29:34Z" finished-at="2018-01-24T19:29:34Z">
          <reporter-output>
          </reporter-output>
        </test-method> <!-- testMapTypeTerrain -->
        <test-method status="SKIP" signature="setUp(java.lang.String, java.lang.String, java.lang.String, java.lang.String, java.lang.String, java.lang.String, java.lang.String)[pri:0, instance:testCases.testHomePage@3c0f93f1]" name="setUp" is-config="true" duration-ms="0" started-at="2018-01-24T19:29:34Z" finished-at="2018-01-24T19:29:34Z">
          <reporter-output>
          </reporter-output>
        </test-method> <!-- setUp -->
        <test-method status="SKIP" signature="initializationOfObjects()[pri:0, instance:testCases.testHomePage@3c0f93f1]" name="initializationOfObjects" is-config="true" duration-ms="0" started-at="2018-01-24T19:29:34Z" finished-at="2018-01-24T19:29:34Z">
          <reporter-output>
          </reporter-output>
        </test-method> <!-- initializationOfObjects -->
        <test-method status="SKIP" signature="startExtent(java.lang.reflect.Method)[pri:0, instance:testCases.testHomePage@3c0f93f1]" name="startExtent" is-config="true" duration-ms="0" started-at="2018-01-24T19:29:34Z" finished-at="2018-01-24T19:29:34Z">
          <reporter-output>
          </reporter-output>
        </test-method> <!-- startExtent -->
        <test-method status="SKIP" signature="testMenu()[pri:0, instance:testCases.testHomePage@3c0f93f1]" name="testMenu" duration-ms="1" started-at="2018-01-24T19:29:34Z" finished-at="2018-01-24T19:29:34Z">
          <reporter-output>
          </reporter-output>
        </test-method> <!-- testMenu -->
        <test-method status="SKIP" signature="initializationOfObjects()[pri:0, instance:testCases.testHomePage@3c0f93f1]" name="initializationOfObjects" is-config="true" duration-ms="0" started-at="2018-01-24T19:29:34Z" finished-at="2018-01-24T19:29:34Z">
          <reporter-output>
          </reporter-output>
        </test-method> <!-- initializationOfObjects -->
        <test-method status="SKIP" signature="startExtent(java.lang.reflect.Method)[pri:0, instance:testCases.testHomePage@3c0f93f1]" name="startExtent" is-config="true" duration-ms="0" started-at="2018-01-24T19:29:34Z" finished-at="2018-01-24T19:29:34Z">
          <reporter-output>
          </reporter-output>
        </test-method> <!-- startExtent -->
        <test-method status="SKIP" signature="setUp(java.lang.String, java.lang.String, java.lang.String, java.lang.String, java.lang.String, java.lang.String, java.lang.String)[pri:0, instance:testCases.testHomePage@3c0f93f1]" name="setUp" is-config="true" duration-ms="0" started-at="2018-01-24T19:29:34Z" finished-at="2018-01-24T19:29:34Z">
          <reporter-output>
          </reporter-output>
        </test-method> <!-- setUp -->
        <test-method status="SKIP" signature="afterEachTestMethod(org.testng.ITestResult)[pri:0, instance:testCases.testHomePage@3c0f93f1]" name="afterEachTestMethod" is-config="true" duration-ms="0" started-at="2018-01-24T19:29:34Z" finished-at="2018-01-24T19:29:34Z">
          <reporter-output>
          </reporter-output>
        </test-method> <!-- afterEachTestMethod -->
        <test-method status="SKIP" signature="setUp(java.lang.String, java.lang.String, java.lang.String, java.lang.String, java.lang.String, java.lang.String, java.lang.String)[pri:0, instance:testCases.testHomePage@3c0f93f1]" name="setUp" is-config="true" duration-ms="0" started-at="2018-01-24T19:29:34Z" finished-at="2018-01-24T19:29:34Z">
          <reporter-output>
          </reporter-output>
        </test-method> <!-- setUp -->
        <test-method status="SKIP" signature="afterEachTestMethod(org.testng.ITestResult)[pri:0, instance:testCases.testHomePage@3c0f93f1]" name="afterEachTestMethod" is-config="true" duration-ms="0" started-at="2018-01-24T19:29:34Z" finished-at="2018-01-24T19:29:34Z">
          <reporter-output>
          </reporter-output>
        </test-method> <!-- afterEachTestMethod -->
        <test-method status="SKIP" signature="testSearch()[pri:0, instance:testCases.testHomePage@3c0f93f1]" name="testSearch" duration-ms="0" started-at="2018-01-24T19:29:34Z" finished-at="2018-01-24T19:29:34Z">
          <reporter-output>
          </reporter-output>
        </test-method> <!-- testSearch -->
        <test-method status="SKIP" signature="initializationOfObjects()[pri:0, instance:testCases.testHomePage@3c0f93f1]" name="initializationOfObjects" is-config="true" duration-ms="0" started-at="2018-01-24T19:29:34Z" finished-at="2018-01-24T19:29:34Z">
          <reporter-output>
          </reporter-output>
        </test-method> <!-- initializationOfObjects -->
        <test-method status="SKIP" signature="afterEachTestMethod(org.testng.ITestResult)[pri:0, instance:testCases.testHomePage@3c0f93f1]" name="afterEachTestMethod" is-config="true" duration-ms="0" started-at="2018-01-24T19:29:34Z" finished-at="2018-01-24T19:29:34Z">
          <reporter-output>
          </reporter-output>
        </test-method> <!-- afterEachTestMethod -->
        <test-method status="SKIP" signature="startExtent(java.lang.reflect.Method)[pri:0, instance:testCases.testHomePage@3c0f93f1]" name="startExtent" is-config="true" duration-ms="0" started-at="2018-01-24T19:29:34Z" finished-at="2018-01-24T19:29:34Z">
          <reporter-output>
          </reporter-output>
        </test-method> <!-- startExtent -->
        <test-method status="SKIP" signature="testSendFeedBack()[pri:0, instance:testCases.testHomePage@3c0f93f1]" name="testSendFeedBack" duration-ms="0" started-at="2018-01-24T19:29:34Z" finished-at="2018-01-24T19:29:34Z">
          <reporter-output>
          </reporter-output>
        </test-method> <!-- testSendFeedBack -->
        <test-method status="SKIP" signature="setUp(java.lang.String, java.lang.String, java.lang.String, java.lang.String, java.lang.String, java.lang.String, java.lang.String)[pri:0, instance:testCases.testHomePage@3c0f93f1]" name="setUp" is-config="true" duration-ms="0" started-at="2018-01-24T19:29:34Z" finished-at="2018-01-24T19:29:34Z">
          <reporter-output>
          </reporter-output>
        </test-method> <!-- setUp -->
        <test-method status="SKIP" signature="initializationOfObjects()[pri:0, instance:testCases.testHomePage@3c0f93f1]" name="initializationOfObjects" is-config="true" duration-ms="0" started-at="2018-01-24T19:29:34Z" finished-at="2018-01-24T19:29:34Z">
          <reporter-output>
          </reporter-output>
        </test-method> <!-- initializationOfObjects -->
        <test-method status="SKIP" signature="startExtent(java.lang.reflect.Method)[pri:0, instance:testCases.testHomePage@3c0f93f1]" name="startExtent" is-config="true" duration-ms="0" started-at="2018-01-24T19:29:34Z" finished-at="2018-01-24T19:29:34Z">
          <reporter-output>
          </reporter-output>
        </test-method> <!-- startExtent -->
        <test-method status="SKIP" signature="testSetHomeAddressInYourPlace()[pri:0, instance:testCases.testHomePage@3c0f93f1]" name="testSetHomeAddressInYourPlace" duration-ms="0" started-at="2018-01-24T19:29:34Z" finished-at="2018-01-24T19:29:34Z">
          <reporter-output>
          </reporter-output>
        </test-method> <!-- testSetHomeAddressInYourPlace -->
        <test-method status="SKIP" signature="afterEachTestMethod(org.testng.ITestResult)[pri:0, instance:testCases.testHomePage@3c0f93f1]" name="afterEachTestMethod" is-config="true" duration-ms="0" started-at="2018-01-24T19:29:34Z" finished-at="2018-01-24T19:29:34Z">
          <reporter-output>
          </reporter-output>
        </test-method> <!-- afterEachTestMethod -->
        <test-method status="SKIP" signature="startExtent(java.lang.reflect.Method)[pri:0, instance:testCases.testHomePage@3c0f93f1]" name="startExtent" is-config="true" duration-ms="0" started-at="2018-01-24T19:29:34Z" finished-at="2018-01-24T19:29:34Z">
          <reporter-output>
          </reporter-output>
        </test-method> <!-- startExtent -->
        <test-method status="SKIP" signature="setUp(java.lang.String, java.lang.String, java.lang.String, java.lang.String, java.lang.String, java.lang.String, java.lang.String)[pri:0, instance:testCases.testHomePage@3c0f93f1]" name="setUp" is-config="true" duration-ms="0" started-at="2018-01-24T19:29:34Z" finished-at="2018-01-24T19:29:34Z">
          <reporter-output>
          </reporter-output>
        </test-method> <!-- setUp -->
        <test-method status="SKIP" signature="testSettings()[pri:0, instance:testCases.testHomePage@3c0f93f1]" name="testSettings" duration-ms="0" started-at="2018-01-24T19:29:34Z" finished-at="2018-01-24T19:29:34Z">
          <reporter-output>
          </reporter-output>
        </test-method> <!-- testSettings -->
        <test-method status="SKIP" signature="afterEachTestMethod(org.testng.ITestResult)[pri:0, instance:testCases.testHomePage@3c0f93f1]" name="afterEachTestMethod" is-config="true" duration-ms="0" started-at="2018-01-24T19:29:34Z" finished-at="2018-01-24T19:29:34Z">
          <reporter-output>
          </reporter-output>
        </test-method> <!-- afterEachTestMethod -->
        <test-method status="SKIP" signature="initializationOfObjects()[pri:0, instance:testCases.testHomePage@3c0f93f1]" name="initializationOfObjects" is-config="true" duration-ms="0" started-at="2018-01-24T19:29:34Z" finished-at="2018-01-24T19:29:34Z">
          <reporter-output>
          </reporter-output>
        </test-method> <!-- initializationOfObjects -->
        <test-method status="SKIP" signature="setUp(java.lang.String, java.lang.String, java.lang.String, java.lang.String, java.lang.String, java.lang.String, java.lang.String)[pri:0, instance:testCases.testHomePage@3c0f93f1]" name="setUp" is-config="true" duration-ms="0" started-at="2018-01-24T19:29:34Z" finished-at="2018-01-24T19:29:34Z">
          <reporter-output>
          </reporter-output>
        </test-method> <!-- setUp -->
        <test-method status="SKIP" signature="initializationOfObjects()[pri:0, instance:testCases.testHomePage@3c0f93f1]" name="initializationOfObjects" is-config="true" duration-ms="0" started-at="2018-01-24T19:29:34Z" finished-at="2018-01-24T19:29:34Z">
          <reporter-output>
          </reporter-output>
        </test-method> <!-- initializationOfObjects -->
        <test-method status="SKIP" signature="startExtent(java.lang.reflect.Method)[pri:0, instance:testCases.testHomePage@3c0f93f1]" name="startExtent" is-config="true" duration-ms="0" started-at="2018-01-24T19:29:34Z" finished-at="2018-01-24T19:29:34Z">
          <reporter-output>
          </reporter-output>
        </test-method> <!-- startExtent -->
        <test-method status="SKIP" signature="testStartDriving()[pri:0, instance:testCases.testHomePage@3c0f93f1]" name="testStartDriving" duration-ms="0" started-at="2018-01-24T19:29:34Z" finished-at="2018-01-24T19:29:34Z">
          <reporter-output>
          </reporter-output>
        </test-method> <!-- testStartDriving -->
        <test-method status="SKIP" signature="setUp(java.lang.String, java.lang.String, java.lang.String, java.lang.String, java.lang.String, java.lang.String, java.lang.String)[pri:0, instance:testCases.testHomePage@3c0f93f1]" name="setUp" is-config="true" duration-ms="0" started-at="2018-01-24T19:29:34Z" finished-at="2018-01-24T19:29:34Z">
          <reporter-output>
          </reporter-output>
        </test-method> <!-- setUp -->
        <test-method status="SKIP" signature="afterEachTestMethod(org.testng.ITestResult)[pri:0, instance:testCases.testHomePage@3c0f93f1]" name="afterEachTestMethod" is-config="true" duration-ms="0" started-at="2018-01-24T19:29:34Z" finished-at="2018-01-24T19:29:34Z">
          <reporter-output>
          </reporter-output>
        </test-method> <!-- afterEachTestMethod -->
        <test-method status="SKIP" signature="initializationOfObjects()[pri:0, instance:testCases.testHomePage@3c0f93f1]" name="initializationOfObjects" is-config="true" duration-ms="0" started-at="2018-01-24T19:29:34Z" finished-at="2018-01-24T19:29:34Z">
          <reporter-output>
          </reporter-output>
        </test-method> <!-- initializationOfObjects -->
        <test-method status="SKIP" signature="startExtent(java.lang.reflect.Method)[pri:0, instance:testCases.testHomePage@3c0f93f1]" name="startExtent" is-config="true" duration-ms="0" started-at="2018-01-24T19:29:34Z" finished-at="2018-01-24T19:29:34Z">
          <reporter-output>
          </reporter-output>
        </test-method> <!-- startExtent -->
        <test-method status="SKIP" signature="afterEachTestMethod(org.testng.ITestResult)[pri:0, instance:testCases.testHomePage@3c0f93f1]" name="afterEachTestMethod" is-config="true" duration-ms="0" started-at="2018-01-24T19:29:34Z" finished-at="2018-01-24T19:29:34Z">
          <reporter-output>
          </reporter-output>
        </test-method> <!-- afterEachTestMethod -->
        <test-method status="SKIP" signature="testStartDrivingTo()[pri:0, instance:testCases.testHomePage@3c0f93f1]" name="testStartDrivingTo" duration-ms="0" started-at="2018-01-24T19:29:34Z" finished-at="2018-01-24T19:29:34Z">
          <reporter-output>
          </reporter-output>
        </test-method> <!-- testStartDrivingTo -->
        <test-method status="SKIP" signature="setUp(java.lang.String, java.lang.String, java.lang.String, java.lang.String, java.lang.String, java.lang.String, java.lang.String)[pri:0, instance:testCases.testHomePage@3c0f93f1]" name="setUp" is-config="true" duration-ms="0" started-at="2018-01-24T19:29:34Z" finished-at="2018-01-24T19:29:34Z">
          <reporter-output>
          </reporter-output>
        </test-method> <!-- setUp -->
        <test-method status="SKIP" signature="initializationOfObjects()[pri:0, instance:testCases.testHomePage@3c0f93f1]" name="initializationOfObjects" is-config="true" duration-ms="0" started-at="2018-01-24T19:29:34Z" finished-at="2018-01-24T19:29:34Z">
          <reporter-output>
          </reporter-output>
        </test-method> <!-- initializationOfObjects -->
        <test-method status="SKIP" signature="startExtent(java.lang.reflect.Method)[pri:0, instance:testCases.testHomePage@3c0f93f1]" name="startExtent" is-config="true" duration-ms="0" started-at="2018-01-24T19:29:34Z" finished-at="2018-01-24T19:29:34Z">
          <reporter-output>
          </reporter-output>
        </test-method> <!-- startExtent -->
        <test-method status="SKIP" signature="afterEachTestMethod(org.testng.ITestResult)[pri:0, instance:testCases.testHomePage@3c0f93f1]" name="afterEachTestMethod" is-config="true" duration-ms="0" started-at="2018-01-24T19:29:34Z" finished-at="2018-01-24T19:29:34Z">
          <reporter-output>
          </reporter-output>
        </test-method> <!-- afterEachTestMethod -->
        <test-method status="SKIP" signature="testTermsOfService()[pri:0, instance:testCases.testHomePage@3c0f93f1]" name="testTermsOfService" duration-ms="0" started-at="2018-01-24T19:29:34Z" finished-at="2018-01-24T19:29:34Z">
          <reporter-output>
          </reporter-output>
        </test-method> <!-- testTermsOfService -->
        <test-method status="SKIP" signature="setUp(java.lang.String, java.lang.String, java.lang.String, java.lang.String, java.lang.String, java.lang.String, java.lang.String)[pri:0, instance:testCases.testHomePage@3c0f93f1]" name="setUp" is-config="true" duration-ms="0" started-at="2018-01-24T19:29:34Z" finished-at="2018-01-24T19:29:34Z">
          <reporter-output>
          </reporter-output>
        </test-method> <!-- setUp -->
        <test-method status="SKIP" signature="startExtent(java.lang.reflect.Method)[pri:0, instance:testCases.testHomePage@3c0f93f1]" name="startExtent" is-config="true" duration-ms="0" started-at="2018-01-24T19:29:34Z" finished-at="2018-01-24T19:29:34Z">
          <reporter-output>
          </reporter-output>
        </test-method> <!-- startExtent -->
        <test-method status="SKIP" signature="afterEachTestMethod(org.testng.ITestResult)[pri:0, instance:testCases.testHomePage@3c0f93f1]" name="afterEachTestMethod" is-config="true" duration-ms="0" started-at="2018-01-24T19:29:34Z" finished-at="2018-01-24T19:29:34Z">
          <reporter-output>
          </reporter-output>
        </test-method> <!-- afterEachTestMethod -->
        <test-method status="SKIP" signature="testTipsAndTricks()[pri:0, instance:testCases.testHomePage@3c0f93f1]" name="testTipsAndTricks" duration-ms="0" started-at="2018-01-24T19:29:34Z" finished-at="2018-01-24T19:29:34Z">
          <reporter-output>
          </reporter-output>
        </test-method> <!-- testTipsAndTricks -->
        <test-method status="SKIP" signature="initializationOfObjects()[pri:0, instance:testCases.testHomePage@3c0f93f1]" name="initializationOfObjects" is-config="true" duration-ms="0" started-at="2018-01-24T19:29:34Z" finished-at="2018-01-24T19:29:34Z">
          <reporter-output>
          </reporter-output>
        </test-method> <!-- initializationOfObjects -->
        <test-method status="SKIP" signature="setUp(java.lang.String, java.lang.String, java.lang.String, java.lang.String, java.lang.String, java.lang.String, java.lang.String)[pri:0, instance:testCases.testHomePage@3c0f93f1]" name="setUp" is-config="true" duration-ms="0" started-at="2018-01-24T19:29:34Z" finished-at="2018-01-24T19:29:34Z">
          <reporter-output>
          </reporter-output>
        </test-method> <!-- setUp -->
        <test-method status="SKIP" signature="initializationOfObjects()[pri:0, instance:testCases.testHomePage@3c0f93f1]" name="initializationOfObjects" is-config="true" duration-ms="0" started-at="2018-01-24T19:29:34Z" finished-at="2018-01-24T19:29:34Z">
          <reporter-output>
          </reporter-output>
        </test-method> <!-- initializationOfObjects -->
        <test-method status="SKIP" signature="afterEachTestMethod(org.testng.ITestResult)[pri:0, instance:testCases.testHomePage@3c0f93f1]" name="afterEachTestMethod" is-config="true" duration-ms="0" started-at="2018-01-24T19:29:34Z" finished-at="2018-01-24T19:29:34Z">
          <reporter-output>
          </reporter-output>
        </test-method> <!-- afterEachTestMethod -->
        <test-method status="SKIP" signature="startExtent(java.lang.reflect.Method)[pri:0, instance:testCases.testHomePage@3c0f93f1]" name="startExtent" is-config="true" duration-ms="0" started-at="2018-01-24T19:29:34Z" finished-at="2018-01-24T19:29:34Z">
          <reporter-output>
          </reporter-output>
        </test-method> <!-- startExtent -->
        <test-method status="SKIP" signature="testYourCOntribution()[pri:0, instance:testCases.testHomePage@3c0f93f1]" name="testYourCOntribution" duration-ms="0" started-at="2018-01-24T19:29:34Z" finished-at="2018-01-24T19:29:34Z">
          <reporter-output>
          </reporter-output>
        </test-method> <!-- testYourCOntribution -->
        <test-method status="SKIP" signature="testYourPlaces()[pri:0, instance:testCases.testHomePage@3c0f93f1]" name="testYourPlaces" duration-ms="1" started-at="2018-01-24T19:29:34Z" finished-at="2018-01-24T19:29:34Z">
          <reporter-output>
          </reporter-output>
        </test-method> <!-- testYourPlaces -->
        <test-method status="SKIP" signature="setUp(java.lang.String, java.lang.String, java.lang.String, java.lang.String, java.lang.String, java.lang.String, java.lang.String)[pri:0, instance:testCases.testHomePage@3c0f93f1]" name="setUp" is-config="true" duration-ms="0" started-at="2018-01-24T19:29:34Z" finished-at="2018-01-24T19:29:34Z">
          <reporter-output>
          </reporter-output>
        </test-method> <!-- setUp -->
        <test-method status="SKIP" signature="initializationOfObjects()[pri:0, instance:testCases.testHomePage@3c0f93f1]" name="initializationOfObjects" is-config="true" duration-ms="0" started-at="2018-01-24T19:29:34Z" finished-at="2018-01-24T19:29:34Z">
          <reporter-output>
          </reporter-output>
        </test-method> <!-- initializationOfObjects -->
        <test-method status="SKIP" signature="startExtent(java.lang.reflect.Method)[pri:0, instance:testCases.testHomePage@3c0f93f1]" name="startExtent" is-config="true" duration-ms="0" started-at="2018-01-24T19:29:34Z" finished-at="2018-01-24T19:29:34Z">
          <reporter-output>
          </reporter-output>
        </test-method> <!-- startExtent -->
        <test-method status="SKIP" signature="afterEachTestMethod(org.testng.ITestResult)[pri:0, instance:testCases.testHomePage@3c0f93f1]" name="afterEachTestMethod" is-config="true" duration-ms="0" started-at="2018-01-24T19:29:34Z" finished-at="2018-01-24T19:29:34Z">
          <reporter-output>
          </reporter-output>
        </test-method> <!-- afterEachTestMethod -->
        <test-method status="SKIP" signature="startExtent(java.lang.reflect.Method)[pri:0, instance:testCases.testHomePage@3c0f93f1]" name="startExtent" is-config="true" duration-ms="0" started-at="2018-01-24T19:29:34Z" finished-at="2018-01-24T19:29:34Z">
          <reporter-output>
          </reporter-output>
        </test-method> <!-- startExtent -->
        <test-method status="SKIP" signature="afterEachTestMethod(org.testng.ITestResult)[pri:0, instance:testCases.testHomePage@3c0f93f1]" name="afterEachTestMethod" is-config="true" duration-ms="0" started-at="2018-01-24T19:29:34Z" finished-at="2018-01-24T19:29:34Z">
          <reporter-output>
          </reporter-output>
        </test-method> <!-- afterEachTestMethod -->
        <test-method status="SKIP" signature="setUp(java.lang.String, java.lang.String, java.lang.String, java.lang.String, java.lang.String, java.lang.String, java.lang.String)[pri:0, instance:testCases.testHomePage@3c0f93f1]" name="setUp" is-config="true" duration-ms="0" started-at="2018-01-24T19:29:34Z" finished-at="2018-01-24T19:29:34Z">
          <reporter-output>
          </reporter-output>
        </test-method> <!-- setUp -->
        <test-method status="SKIP" signature="initializationOfObjects()[pri:0, instance:testCases.testHomePage@3c0f93f1]" name="initializationOfObjects" is-config="true" duration-ms="0" started-at="2018-01-24T19:29:34Z" finished-at="2018-01-24T19:29:34Z">
          <reporter-output>
          </reporter-output>
        </test-method> <!-- initializationOfObjects -->
        <test-method status="SKIP" signature="testYourTimeline()[pri:0, instance:testCases.testHomePage@3c0f93f1]" name="testYourTimeline" duration-ms="0" started-at="2018-01-24T19:29:34Z" finished-at="2018-01-24T19:29:34Z">
          <reporter-output>
          </reporter-output>
        </test-method> <!-- testYourTimeline -->
        <test-method status="SKIP" signature="generateReport()[pri:0, instance:testCases.testHomePage@3c0f93f1]" name="generateReport" is-config="true" duration-ms="0" started-at="2018-01-24T19:29:34Z" finished-at="2018-01-24T19:29:34Z">
          <reporter-output>
          </reporter-output>
        </test-method> <!-- generateReport -->
      </class> <!-- testCases.testHomePage -->
      <class name="testCases.testSelectRoutePage">
        <test-method status="SKIP" signature="setUp(java.lang.String, java.lang.String, java.lang.String, java.lang.String, java.lang.String, java.lang.String, java.lang.String)[pri:0, instance:testCases.testSelectRoutePage@31dc339b]" name="setUp" is-config="true" duration-ms="0" started-at="2018-01-24T19:29:34Z" finished-at="2018-01-24T19:29:34Z">
          <reporter-output>
          </reporter-output>
        </test-method> <!-- setUp -->
        <test-method status="SKIP" signature="initializationOfObjects()[pri:0, instance:testCases.testSelectRoutePage@31dc339b]" name="initializationOfObjects" is-config="true" duration-ms="0" started-at="2018-01-24T19:29:34Z" finished-at="2018-01-24T19:29:34Z">
          <reporter-output>
          </reporter-output>
        </test-method> <!-- initializationOfObjects -->
        <test-method status="SKIP" signature="startExtent(java.lang.reflect.Method)[pri:0, instance:testCases.testSelectRoutePage@31dc339b]" name="startExtent" is-config="true" duration-ms="0" started-at="2018-01-24T19:29:34Z" finished-at="2018-01-24T19:29:34Z">
          <reporter-output>
          </reporter-output>
        </test-method> <!-- startExtent -->
        <test-method status="SKIP" signature="testSelectRoute()[pri:0, instance:testCases.testSelectRoutePage@31dc339b]" name="testSelectRoute" duration-ms="0" started-at="2018-01-24T19:29:34Z" finished-at="2018-01-24T19:29:34Z">
          <reporter-output>
          </reporter-output>
        </test-method> <!-- testSelectRoute -->
        <test-method status="SKIP" signature="afterEachTestMethod(org.testng.ITestResult)[pri:0, instance:testCases.testSelectRoutePage@31dc339b]" name="afterEachTestMethod" is-config="true" duration-ms="0" started-at="2018-01-24T19:29:34Z" finished-at="2018-01-24T19:29:34Z">
          <reporter-output>
          </reporter-output>
        </test-method> <!-- afterEachTestMethod -->
      </class> <!-- testCases.testSelectRoutePage -->
    </test> <!-- Home page -->
  </suite> <!-- Test suite on Android Phone -->
</testng-results>
