<?xml version="1.0" encoding="UTF-8"?>
<!-- Generated by org.testng.reporters.JUnitXMLReporter -->
<testsuite hostname="Alistair" name="Home page" tests="19" failures="0" timestamp="25 Jan 2018 00:29:34 GMT" time="1.183" errors="0">
  <testcase name="@BeforeMethod setUp" time="0.0" classname="testCases.testHomePage">
    <failure type="org.openqa.selenium.WebDriverException" message="An unknown server-side error occurred while processing the command. Original error: Could not find adb Please set the ANDROID_HOME environment variable with the Android SDK root directory path. (WARNING: The server did not provide any stacktrace information)
Command duration or timeout: 462 milliseconds
Build info: version: &amp;apos;2.43.1&amp;apos;, revision: &amp;apos;5163bceef1bc36d43f3dc0b83c88998168a363a0&amp;apos;, time: &amp;apos;2014-09-10 09:43:55&amp;apos;
System info: host: &amp;apos;Alistair&amp;apos;, ip: &amp;apos;192.168.74.1&amp;apos;, os.name: &amp;apos;Windows 8.1&amp;apos;, os.arch: &amp;apos;amd64&amp;apos;, os.version: &amp;apos;6.3&amp;apos;, java.version: &amp;apos;1.8.0_144&amp;apos;
Driver info: io.appium.java_client.android.AndroidDriver">
      <![CDATA[org.openqa.selenium.WebDriverException: An unknown server-side error occurred while processing the command. Original error: Could not find adb Please set the ANDROID_HOME environment variable with the Android SDK root directory path. (WARNING: The server did not provide any stacktrace information)
Command duration or timeout: 462 milliseconds
Build info: version: '2.43.1', revision: '5163bceef1bc36d43f3dc0b83c88998168a363a0', time: '2014-09-10 09:43:55'
System info: host: 'Alistair', ip: '192.168.74.1', os.name: 'Windows 8.1', os.arch: 'amd64', os.version: '6.3', java.version: '1.8.0_144'
Driver info: io.appium.java_client.android.AndroidDriver
	at org.openqa.selenium.remote.ErrorHandler.createThrowable(ErrorHandler.java:204)
	at org.openqa.selenium.remote.ErrorHandler.throwIfResponseFailed(ErrorHandler.java:156)
	at org.openqa.selenium.remote.RemoteWebDriver.execute(RemoteWebDriver.java:599)
	at io.appium.java_client.AppiumDriver.execute(AppiumDriver.java:180)
	at org.openqa.selenium.remote.RemoteWebDriver.startSession(RemoteWebDriver.java:240)
	at org.openqa.selenium.remote.RemoteWebDriver.<init>(RemoteWebDriver.java:126)
	at org.openqa.selenium.remote.RemoteWebDriver.<init>(RemoteWebDriver.java:153)
	at io.appium.java_client.AppiumDriver.<init>(AppiumDriver.java:109)
	at io.appium.java_client.android.AndroidDriver.<init>(AndroidDriver.java:39)
	at base.MobileAPI.setUpAndroidEnv(MobileAPI.java:172)
	at base.MobileAPI.setUp(MobileAPI.java:141)
... Removed 34 stack frames]]>
    </failure>
  </testcase> <!-- @BeforeMethod setUp -->
  <testcase name="@BeforeMethod startExtent" time="0.0" classname="testCases.testHomePage">
    <skipped/>
  </testcase> <!-- @BeforeMethod startExtent -->
  <testcase name="@BeforeMethod initializationOfObjects" time="0.0" classname="testCases.testHomePage">
    <skipped/>
  </testcase> <!-- @BeforeMethod initializationOfObjects -->
  <testcase name="@AfterMethod afterEachTestMethod" time="0.0" classname="testCases.testHomePage">
    <skipped/>
  </testcase> <!-- @AfterMethod afterEachTestMethod -->
  <testcase name="@BeforeMethod setUp" time="0.0" classname="testCases.testHomePage">
    <skipped/>
  </testcase> <!-- @BeforeMethod setUp -->
  <testcase name="@BeforeMethod startExtent" time="0.0" classname="testCases.testHomePage">
    <skipped/>
  </testcase> <!-- @BeforeMethod startExtent -->
  <testcase name="@BeforeMethod initializationOfObjects" time="0.0" classname="testCases.testHomePage">
    <skipped/>
  </testcase> <!-- @BeforeMethod initializationOfObjects -->
  <testcase name="@AfterMethod afterEachTestMethod" time="0.0" classname="testCases.testHomePage">
    <skipped/>
  </testcase> <!-- @AfterMethod afterEachTestMethod -->
  <testcase name="@BeforeMethod setUp" time="0.0" classname="testCases.testHomePage">
    <skipped/>
  </testcase> <!-- @BeforeMethod setUp -->
  <testcase name="@BeforeMethod startExtent" time="0.0" classname="testCases.testHomePage">
    <skipped/>
  </testcase> <!-- @BeforeMethod startExtent -->
  <testcase name="@BeforeMethod initializationOfObjects" time="0.0" classname="testCases.testHomePage">
    <skipped/>
  </testcase> <!-- @BeforeMethod initializationOfObjects -->
  <testcase name="@AfterMethod afterEachTestMethod" time="0.0" classname="testCases.testHomePage">
    <skipped/>
  </testcase> <!-- @AfterMethod afterEachTestMethod -->
  <testcase name="@BeforeMethod setUp" time="0.0" classname="testCases.testHomePage">
    <skipped/>
  </testcase> <!-- @BeforeMethod setUp -->
  <testcase name="@BeforeMethod startExtent" time="0.0" classname="testCases.testHomePage">
    <skipped/>
  </testcase> <!-- @BeforeMethod startExtent -->
  <testcase name="@BeforeMethod initializationOfObjects" time="0.0" classname="testCases.testHomePage">
    <skipped/>
  </testcase> <!-- @BeforeMethod initializationOfObjects -->
  <testcase name="@AfterMethod afterEachTestMethod" time="0.0" classname="testCases.testHomePage">
    <skipped/>
  </testcase> <!-- @AfterMethod afterEachTestMethod -->
  <testcase name="@BeforeMethod setUp" time="0.0" classname="testCases.testHomePage">
    <skipped/>
  </testcase> <!-- @BeforeMethod setUp -->
  <testcase name="@BeforeMethod startExtent" time="0.0" classname="testCases.testHomePage">
    <skipped/>
  </testcase> <!-- @BeforeMethod startExtent -->
  <testcase name="@BeforeMethod initializationOfObjects" time="0.0" classname="testCases.testHomePage">
    <skipped/>
  </testcase> <!-- @BeforeMethod initializationOfObjects -->
  <testcase name="@AfterMethod afterEachTestMethod" time="0.0" classname="testCases.testHomePage">
    <skipped/>
  </testcase> <!-- @AfterMethod afterEachTestMethod -->
  <testcase name="@BeforeMethod setUp" time="0.0" classname="testCases.testHomePage">
    <skipped/>
  </testcase> <!-- @BeforeMethod setUp -->
  <testcase name="@BeforeMethod startExtent" time="0.0" classname="testCases.testHomePage">
    <skipped/>
  </testcase> <!-- @BeforeMethod startExtent -->
  <testcase name="@BeforeMethod initializationOfObjects" time="0.0" classname="testCases.testHomePage">
    <skipped/>
  </testcase> <!-- @BeforeMethod initializationOfObjects -->
  <testcase name="@AfterMethod afterEachTestMethod" time="0.002" classname="testCases.testHomePage">
    <skipped/>
  </testcase> <!-- @AfterMethod afterEachTestMethod -->
  <testcase name="@BeforeMethod setUp" time="0.0" classname="testCases.testHomePage">
    <skipped/>
  </testcase> <!-- @BeforeMethod setUp -->
  <testcase name="@BeforeMethod startExtent" time="0.0" classname="testCases.testHomePage">
    <skipped/>
  </testcase> <!-- @BeforeMethod startExtent -->
  <testcase name="@BeforeMethod initializationOfObjects" time="0.0" classname="testCases.testHomePage">
    <skipped/>
  </testcase> <!-- @BeforeMethod initializationOfObjects -->
  <testcase name="@AfterMethod afterEachTestMethod" time="0.0" classname="testCases.testHomePage">
    <skipped/>
  </testcase> <!-- @AfterMethod afterEachTestMethod -->
  <testcase name="@BeforeMethod setUp" time="0.0" classname="testCases.testHomePage">
    <skipped/>
  </testcase> <!-- @BeforeMethod setUp -->
  <testcase name="@BeforeMethod startExtent" time="0.0" classname="testCases.testHomePage">
    <skipped/>
  </testcase> <!-- @BeforeMethod startExtent -->
  <testcase name="@BeforeMethod initializationOfObjects" time="0.0" classname="testCases.testHomePage">
    <skipped/>
  </testcase> <!-- @BeforeMethod initializationOfObjects -->
  <testcase name="@AfterMethod afterEachTestMethod" time="0.0" classname="testCases.testHomePage">
    <skipped/>
  </testcase> <!-- @AfterMethod afterEachTestMethod -->
  <testcase name="@BeforeMethod setUp" time="0.0" classname="testCases.testHomePage">
    <skipped/>
  </testcase> <!-- @BeforeMethod setUp -->
  <testcase name="@BeforeMethod startExtent" time="0.0" classname="testCases.testHomePage">
    <skipped/>
  </testcase> <!-- @BeforeMethod startExtent -->
  <testcase name="@BeforeMethod initializationOfObjects" time="0.0" classname="testCases.testHomePage">
    <skipped/>
  </testcase> <!-- @BeforeMethod initializationOfObjects -->
  <testcase name="@AfterMethod afterEachTestMethod" time="0.0" classname="testCases.testHomePage">
    <skipped/>
  </testcase> <!-- @AfterMethod afterEachTestMethod -->
  <testcase name="@BeforeMethod setUp" time="0.0" classname="testCases.testHomePage">
    <skipped/>
  </testcase> <!-- @BeforeMethod setUp -->
  <testcase name="@BeforeMethod startExtent" time="0.0" classname="testCases.testHomePage">
    <skipped/>
  </testcase> <!-- @BeforeMethod startExtent -->
  <testcase name="@BeforeMethod initializationOfObjects" time="0.0" classname="testCases.testHomePage">
    <skipped/>
  </testcase> <!-- @BeforeMethod initializationOfObjects -->
  <testcase name="@AfterMethod afterEachTestMethod" time="0.0" classname="testCases.testHomePage">
    <skipped/>
  </testcase> <!-- @AfterMethod afterEachTestMethod -->
  <testcase name="@BeforeMethod setUp" time="0.0" classname="testCases.testHomePage">
    <skipped/>
  </testcase> <!-- @BeforeMethod setUp -->
  <testcase name="@BeforeMethod startExtent" time="0.0" classname="testCases.testHomePage">
    <skipped/>
  </testcase> <!-- @BeforeMethod startExtent -->
  <testcase name="@BeforeMethod initializationOfObjects" time="0.0" classname="testCases.testHomePage">
    <skipped/>
  </testcase> <!-- @BeforeMethod initializationOfObjects -->
  <testcase name="@AfterMethod afterEachTestMethod" time="0.0" classname="testCases.testHomePage">
    <skipped/>
  </testcase> <!-- @AfterMethod afterEachTestMethod -->
  <testcase name="@BeforeMethod setUp" time="0.0" classname="testCases.testHomePage">
    <skipped/>
  </testcase> <!-- @BeforeMethod setUp -->
  <testcase name="@BeforeMethod startExtent" time="0.0" classname="testCases.testHomePage">
    <skipped/>
  </testcase> <!-- @BeforeMethod startExtent -->
  <testcase name="@BeforeMethod initializationOfObjects" time="0.0" classname="testCases.testHomePage">
    <skipped/>
  </testcase> <!-- @BeforeMethod initializationOfObjects -->
  <testcase name="@AfterMethod afterEachTestMethod" time="0.0" classname="testCases.testHomePage">
    <skipped/>
  </testcase> <!-- @AfterMethod afterEachTestMethod -->
  <testcase name="@BeforeMethod setUp" time="0.0" classname="testCases.testHomePage">
    <skipped/>
  </testcase> <!-- @BeforeMethod setUp -->
  <testcase name="@BeforeMethod startExtent" time="0.0" classname="testCases.testHomePage">
    <skipped/>
  </testcase> <!-- @BeforeMethod startExtent -->
  <testcase name="@BeforeMethod initializationOfObjects" time="0.0" classname="testCases.testHomePage">
    <skipped/>
  </testcase> <!-- @BeforeMethod initializationOfObjects -->
  <testcase name="@AfterMethod afterEachTestMethod" time="0.0" classname="testCases.testHomePage">
    <skipped/>
  </testcase> <!-- @AfterMethod afterEachTestMethod -->
  <testcase name="@BeforeMethod setUp" time="0.0" classname="testCases.testHomePage">
    <skipped/>
  </testcase> <!-- @BeforeMethod setUp -->
  <testcase name="@BeforeMethod startExtent" time="0.0" classname="testCases.testHomePage">
    <skipped/>
  </testcase> <!-- @BeforeMethod startExtent -->
  <testcase name="@BeforeMethod initializationOfObjects" time="0.0" classname="testCases.testHomePage">
    <skipped/>
  </testcase> <!-- @BeforeMethod initializationOfObjects -->
  <testcase name="@AfterMethod afterEachTestMethod" time="0.0" classname="testCases.testHomePage">
    <skipped/>
  </testcase> <!-- @AfterMethod afterEachTestMethod -->
  <testcase name="@BeforeMethod setUp" time="0.0" classname="testCases.testHomePage">
    <skipped/>
  </testcase> <!-- @BeforeMethod setUp -->
  <testcase name="@BeforeMethod startExtent" time="0.0" classname="testCases.testHomePage">
    <skipped/>
  </testcase> <!-- @BeforeMethod startExtent -->
  <testcase name="@BeforeMethod initializationOfObjects" time="0.0" classname="testCases.testHomePage">
    <skipped/>
  </testcase> <!-- @BeforeMethod initializationOfObjects -->
  <testcase name="@AfterMethod afterEachTestMethod" time="0.0" classname="testCases.testHomePage">
    <skipped/>
  </testcase> <!-- @AfterMethod afterEachTestMethod -->
  <testcase name="@BeforeMethod setUp" time="0.0" classname="testCases.testHomePage">
    <skipped/>
  </testcase> <!-- @BeforeMethod setUp -->
  <testcase name="@BeforeMethod startExtent" time="0.0" classname="testCases.testHomePage">
    <skipped/>
  </testcase> <!-- @BeforeMethod startExtent -->
  <testcase name="@BeforeMethod initializationOfObjects" time="0.0" classname="testCases.testHomePage">
    <skipped/>
  </testcase> <!-- @BeforeMethod initializationOfObjects -->
  <testcase name="@AfterMethod afterEachTestMethod" time="0.0" classname="testCases.testHomePage">
    <skipped/>
  </testcase> <!-- @AfterMethod afterEachTestMethod -->
  <testcase name="@BeforeMethod setUp" time="0.0" classname="testCases.testHomePage">
    <skipped/>
  </testcase> <!-- @BeforeMethod setUp -->
  <testcase name="@BeforeMethod startExtent" time="0.0" classname="testCases.testHomePage">
    <skipped/>
  </testcase> <!-- @BeforeMethod startExtent -->
  <testcase name="@BeforeMethod initializationOfObjects" time="0.0" classname="testCases.testHomePage">
    <skipped/>
  </testcase> <!-- @BeforeMethod initializationOfObjects -->
  <testcase name="@AfterMethod afterEachTestMethod" time="0.0" classname="testCases.testHomePage">
    <skipped/>
  </testcase> <!-- @AfterMethod afterEachTestMethod -->
  <testcase name="@BeforeMethod setUp" time="0.0" classname="testCases.testHomePage">
    <skipped/>
  </testcase> <!-- @BeforeMethod setUp -->
  <testcase name="@BeforeMethod startExtent" time="0.0" classname="testCases.testHomePage">
    <skipped/>
  </testcase> <!-- @BeforeMethod startExtent -->
  <testcase name="@BeforeMethod initializationOfObjects" time="0.0" classname="testCases.testHomePage">
    <skipped/>
  </testcase> <!-- @BeforeMethod initializationOfObjects -->
  <testcase name="@AfterMethod afterEachTestMethod" time="0.0" classname="testCases.testHomePage">
    <skipped/>
  </testcase> <!-- @AfterMethod afterEachTestMethod -->
  <testcase name="@BeforeMethod setUp" time="0.0" classname="testCases.testSelectRoutePage">
    <skipped/>
  </testcase> <!-- @BeforeMethod setUp -->
  <testcase name="@BeforeMethod startExtent" time="0.0" classname="testCases.testSelectRoutePage">
    <skipped/>
  </testcase> <!-- @BeforeMethod startExtent -->
  <testcase name="@BeforeMethod initializationOfObjects" time="0.0" classname="testCases.testSelectRoutePage">
    <skipped/>
  </testcase> <!-- @BeforeMethod initializationOfObjects -->
  <testcase name="@AfterMethod afterEachTestMethod" time="0.0" classname="testCases.testSelectRoutePage">
    <skipped/>
  </testcase> <!-- @AfterMethod afterEachTestMethod -->
  <testcase name="testAddAMissingPlace" time="0.001" classname="testCases.testHomePage">
    <skipped/>
  </testcase> <!-- testAddAMissingPlace -->
  <testcase name="testExplore" time="0.0" classname="testCases.testHomePage">
    <skipped/>
  </testcase> <!-- testExplore -->
  <testcase name="testHelp" time="0.0" classname="testCases.testHomePage">
    <skipped/>
  </testcase> <!-- testHelp -->
  <testcase name="testLocationSharing" time="0.0" classname="testCases.testHomePage">
    <skipped/>
  </testcase> <!-- testLocationSharing -->
  <testcase name="testMapTypeSatellite" time="0.0" classname="testCases.testHomePage">
    <skipped/>
  </testcase> <!-- testMapTypeSatellite -->
  <testcase name="testMapTypeTerrain" time="0.0" classname="testCases.testHomePage">
    <skipped/>
  </testcase> <!-- testMapTypeTerrain -->
  <testcase name="testMenu" time="0.001" classname="testCases.testHomePage">
    <skipped/>
  </testcase> <!-- testMenu -->
  <testcase name="testSearch" time="0.0" classname="testCases.testHomePage">
    <skipped/>
  </testcase> <!-- testSearch -->
  <testcase name="testSendFeedBack" time="0.0" classname="testCases.testHomePage">
    <skipped/>
  </testcase> <!-- testSendFeedBack -->
  <testcase name="testSetHomeAddressInYourPlace" time="0.0" classname="testCases.testHomePage">
    <skipped/>
  </testcase> <!-- testSetHomeAddressInYourPlace -->
  <testcase name="testSettings" time="0.0" classname="testCases.testHomePage">
    <skipped/>
  </testcase> <!-- testSettings -->
  <testcase name="testStartDriving" time="0.0" classname="testCases.testHomePage">
    <skipped/>
  </testcase> <!-- testStartDriving -->
  <testcase name="testStartDrivingTo" time="0.0" classname="testCases.testHomePage">
    <skipped/>
  </testcase> <!-- testStartDrivingTo -->
  <testcase name="testTermsOfService" time="0.0" classname="testCases.testHomePage">
    <skipped/>
  </testcase> <!-- testTermsOfService -->
  <testcase name="testTipsAndTricks" time="0.0" classname="testCases.testHomePage">
    <skipped/>
  </testcase> <!-- testTipsAndTricks -->
  <testcase name="testYourCOntribution" time="0.0" classname="testCases.testHomePage">
    <skipped/>
  </testcase> <!-- testYourCOntribution -->
  <testcase name="testYourPlaces" time="0.001" classname="testCases.testHomePage">
    <skipped/>
  </testcase> <!-- testYourPlaces -->
  <testcase name="testYourTimeline" time="0.0" classname="testCases.testHomePage">
    <skipped/>
  </testcase> <!-- testYourTimeline -->
  <testcase name="testSelectRoute" time="0.0" classname="testCases.testSelectRoutePage">
    <skipped/>
  </testcase> <!-- testSelectRoute -->
</testsuite> <!-- Home page -->
